<?xml version="1.0" encoding="UTF-8"?>
<testsuite name="com.fiap.api.service.TransactionServiceTest" tests="1" skipped="0" failures="0" errors="0" timestamp="2020-04-10T20:55:21" hostname="MBP-de-Rappi-TI.lan" time="0.002">
  <properties/>
  <testcase name="test_saveTransaction" classname="com.fiap.api.service.TransactionServiceTest" time="0.002"/>
  <system-out><![CDATA[
  .   ____          _            __ _ _
 /\\ / ___'_ __ _ _(_)_ __  __ _ \ \ \ \
( ( )\___ | '_ | '_| | '_ \/ _` | \ \ \ \
 \\/  ___)| |_)| | | | | || (_| |  ) ) ) )
  '  |____| .__|_| |_|_| |_\__, | / / / /
 =========|_|==============|___/=/_/_/_/
 :: Spring Boot ::        (v2.2.2.RELEASE)

2020-04-10 17:55:21.018  INFO 14895 --- [    Test worker] c.f.api.service.TransactionServiceTest   : Starting TransactionServiceTest on MBP-de-Rappi-TI.lan with PID 14895 (started by wagnercarvalho in /Users/wagnercarvalho/Desktop/projeto/fiap/spring/fiap-spring/api)
2020-04-10 17:55:21.018  INFO 14895 --- [    Test worker] c.f.api.service.TransactionServiceTest   : No active profile set, falling back to default profiles: default
2020-04-10 17:55:21.174  INFO 14895 --- [    Test worker] .s.d.r.c.RepositoryConfigurationDelegate : Bootstrapping Spring Data MongoDB repositories in DEFAULT mode.
2020-04-10 17:55:21.183  INFO 14895 --- [    Test worker] .s.d.r.c.RepositoryConfigurationDelegate : Finished Spring Data repository scanning in 9ms. Found 2 MongoDB repository interfaces.
2020-04-10 17:55:21.250  INFO 14895 --- [    Test worker] trationDelegate$BeanPostProcessorChecker : Bean 'org.springframework.security.config.annotation.configuration.ObjectPostProcessorConfiguration' of type [org.springframework.security.config.annotation.configuration.ObjectPostProcessorConfiguration] is not eligible for getting processed by all BeanPostProcessors (for example: not eligible for auto-proxying)
2020-04-10 17:55:21.252  INFO 14895 --- [    Test worker] trationDelegate$BeanPostProcessorChecker : Bean 'objectPostProcessor' of type [org.springframework.security.config.annotation.configuration.AutowireBeanFactoryObjectPostProcessor] is not eligible for getting processed by all BeanPostProcessors (for example: not eligible for auto-proxying)
2020-04-10 17:55:21.253  INFO 14895 --- [    Test worker] trationDelegate$BeanPostProcessorChecker : Bean 'org.springframework.security.access.expression.method.DefaultMethodSecurityExpressionHandler@42b98199' of type [org.springframework.security.access.expression.method.DefaultMethodSecurityExpressionHandler] is not eligible for getting processed by all BeanPostProcessors (for example: not eligible for auto-proxying)
2020-04-10 17:55:21.256  INFO 14895 --- [    Test worker] trationDelegate$BeanPostProcessorChecker : Bean 'org.springframework.security.config.annotation.method.configuration.GlobalMethodSecurityConfiguration' of type [org.springframework.security.config.annotation.method.configuration.GlobalMethodSecurityConfiguration] is not eligible for getting processed by all BeanPostProcessors (for example: not eligible for auto-proxying)
2020-04-10 17:55:21.258  INFO 14895 --- [    Test worker] trationDelegate$BeanPostProcessorChecker : Bean 'methodSecurityMetadataSource' of type [org.springframework.security.access.method.DelegatingMethodSecurityMetadataSource] is not eligible for getting processed by all BeanPostProcessors (for example: not eligible for auto-proxying)
2020-04-10 17:55:21.297  INFO 14895 --- [    Test worker] org.mongodb.driver.cluster               : Cluster created with settings {hosts=[localhost:27017], mode=SINGLE, requiredClusterType=UNKNOWN, serverSelectionTimeout='30000 ms', maxWaitQueueSize=500}
2020-04-10 17:55:21.298  INFO 14895 --- [localhost:27017] org.mongodb.driver.cluster               : Exception in monitor thread while connecting to server localhost:27017

com.mongodb.MongoSocketOpenException: Exception opening socket
	at com.mongodb.internal.connection.SocketStream.open(SocketStream.java:70) ~[mongodb-driver-core-3.11.2.jar:na]
	at com.mongodb.internal.connection.InternalStreamConnection.open(InternalStreamConnection.java:128) ~[mongodb-driver-core-3.11.2.jar:na]
	at com.mongodb.internal.connection.DefaultServerMonitor$ServerMonitorRunnable.run(DefaultServerMonitor.java:117) ~[mongodb-driver-core-3.11.2.jar:na]
	at java.base/java.lang.Thread.run(Thread.java:834) ~[na:na]
Caused by: java.net.ConnectException: Connection refused (Connection refused)
	at java.base/java.net.PlainSocketImpl.socketConnect(Native Method) ~[na:na]
	at java.base/java.net.AbstractPlainSocketImpl.doConnect(AbstractPlainSocketImpl.java:399) ~[na:na]
	at java.base/java.net.AbstractPlainSocketImpl.connectToAddress(AbstractPlainSocketImpl.java:242) ~[na:na]
	at java.base/java.net.AbstractPlainSocketImpl.connect(AbstractPlainSocketImpl.java:224) ~[na:na]
	at java.base/java.net.SocksSocketImpl.connect(SocksSocketImpl.java:403) ~[na:na]
	at java.base/java.net.Socket.connect(Socket.java:609) ~[na:na]
	at com.mongodb.internal.connection.SocketStreamHelper.initialize(SocketStreamHelper.java:64) ~[mongodb-driver-core-3.11.2.jar:na]
	at com.mongodb.internal.connection.SocketStream.initializeSocket(SocketStream.java:79) ~[mongodb-driver-core-3.11.2.jar:na]
	at com.mongodb.internal.connection.SocketStream.open(SocketStream.java:65) ~[mongodb-driver-core-3.11.2.jar:na]
	... 3 common frames omitted

2020-04-10 17:55:21.584  INFO 14895 --- [    Test worker] .s.s.UserDetailsServiceAutoConfiguration : 

Using generated security password: 4d7f010e-907c-431e-a166-97ef10e10479

2020-04-10 17:55:21.637  INFO 14895 --- [    Test worker] o.s.s.web.DefaultSecurityFilterChain     : Creating filter chain: any request, [org.springframework.security.web.context.request.async.WebAsyncManagerIntegrationFilter@6123b192, org.springframework.security.web.context.SecurityContextPersistenceFilter@1283f1c2, org.springframework.security.web.header.HeaderWriterFilter@3f356812, org.springframework.security.web.authentication.logout.LogoutFilter@64d9eb73, org.springframework.security.web.authentication.www.BasicAuthenticationFilter@53a03856, org.springframework.security.web.savedrequest.RequestCacheAwareFilter@9658cdb, org.springframework.security.web.servletapi.SecurityContextHolderAwareRequestFilter@1d04101d, org.springframework.security.web.authentication.AnonymousAuthenticationFilter@9443db2, org.springframework.security.web.session.SessionManagementFilter@20aa8066, org.springframework.security.web.access.ExceptionTranslationFilter@61af5a4b, org.springframework.security.web.access.intercept.FilterSecurityInterceptor@4031cfac]
2020-04-10 17:55:21.665  INFO 14895 --- [    Test worker] pertySourcedRequestMappingHandlerMapping : Mapped URL path [/v2/api-docs] onto method [springfox.documentation.swagger2.web.Swagger2Controller#getDocumentation(String, HttpServletRequest)]
2020-04-10 17:55:21.789  INFO 14895 --- [    Test worker] o.s.s.concurrent.ThreadPoolTaskExecutor  : Initializing ExecutorService 'applicationTaskExecutor'
2020-04-10 17:55:21.889  INFO 14895 --- [    Test worker] d.s.w.p.DocumentationPluginsBootstrapper : Context refreshed
2020-04-10 17:55:21.890  INFO 14895 --- [    Test worker] d.s.w.p.DocumentationPluginsBootstrapper : Found 1 custom documentation plugin(s)
2020-04-10 17:55:21.893  INFO 14895 --- [    Test worker] s.d.s.w.s.ApiListingReferenceScanner     : Scanning for api listing references
2020-04-10 17:55:21.951  INFO 14895 --- [    Test worker] c.f.api.service.TransactionServiceTest   : Started TransactionServiceTest in 0.944 seconds (JVM running for 7.853)
2020-04-10 17:55:21.956  INFO 14895 --- [    Test worker] com.fiap.api.service.TransactionService  : Start saveTransaction with request: Transaction(id=5e90dd395224ac60dab96f5e, userDoc=12345, dateTransaction=2020-04-10T17:55:21.005132, description=fiap, amount=10.0)
2020-04-10 17:55:21.957  INFO 14895 --- [    Test worker] com.fiap.api.service.TransactionService  : Success
]]></system-out>
  <system-err><![CDATA[]]></system-err>
</testsuite>
