<?xml version="1.0" encoding="UTF-8"?>
<testsuite name="com.fiap.api.service.UserServiceTest" tests="5" skipped="0" failures="0" errors="0" timestamp="2020-04-10T20:55:20" hostname="MBP-de-Rappi-TI.lan" time="0.019">
  <properties/>
  <testcase name="test_remove_user_ok" classname="com.fiap.api.service.UserServiceTest" time="0.006"/>
  <testcase name="test_check_update_user" classname="com.fiap.api.service.UserServiceTest" time="0.002"/>
  <testcase name="test_update_user_error" classname="com.fiap.api.service.UserServiceTest" time="0.006"/>
  <testcase name="test_update_user_ok" classname="com.fiap.api.service.UserServiceTest" time="0.001"/>
  <testcase name="test_save_user_ok" classname="com.fiap.api.service.UserServiceTest" time="0.001"/>
  <system-out><![CDATA[
  .   ____          _            __ _ _
 /\\ / ___'_ __ _ _(_)_ __  __ _ \ \ \ \
( ( )\___ | '_ | '_| | '_ \/ _` | \ \ \ \
 \\/  ___)| |_)| | | | | || (_| |  ) ) ) )
  '  |____| .__|_| |_|_| |_\__, | / / / /
 =========|_|==============|___/=/_/_/_/
 :: Spring Boot ::        (v2.2.2.RELEASE)

2020-04-10 17:55:19.340  INFO 14895 --- [    Test worker] com.fiap.api.service.UserServiceTest     : Starting UserServiceTest on MBP-de-Rappi-TI.lan with PID 14895 (started by wagnercarvalho in /Users/wagnercarvalho/Desktop/projeto/fiap/spring/fiap-spring/api)
2020-04-10 17:55:19.341  INFO 14895 --- [    Test worker] com.fiap.api.service.UserServiceTest     : No active profile set, falling back to default profiles: default
2020-04-10 17:55:19.555  INFO 14895 --- [    Test worker] .s.d.r.c.RepositoryConfigurationDelegate : Bootstrapping Spring Data MongoDB repositories in DEFAULT mode.
2020-04-10 17:55:19.596  INFO 14895 --- [    Test worker] .s.d.r.c.RepositoryConfigurationDelegate : Finished Spring Data repository scanning in 38ms. Found 2 MongoDB repository interfaces.
2020-04-10 17:55:19.746  INFO 14895 --- [    Test worker] trationDelegate$BeanPostProcessorChecker : Bean 'org.springframework.security.config.annotation.configuration.ObjectPostProcessorConfiguration' of type [org.springframework.security.config.annotation.configuration.ObjectPostProcessorConfiguration] is not eligible for getting processed by all BeanPostProcessors (for example: not eligible for auto-proxying)
2020-04-10 17:55:19.749  INFO 14895 --- [    Test worker] trationDelegate$BeanPostProcessorChecker : Bean 'objectPostProcessor' of type [org.springframework.security.config.annotation.configuration.AutowireBeanFactoryObjectPostProcessor] is not eligible for getting processed by all BeanPostProcessors (for example: not eligible for auto-proxying)
2020-04-10 17:55:19.749  INFO 14895 --- [    Test worker] trationDelegate$BeanPostProcessorChecker : Bean 'org.springframework.security.access.expression.method.DefaultMethodSecurityExpressionHandler@bdc0be1' of type [org.springframework.security.access.expression.method.DefaultMethodSecurityExpressionHandler] is not eligible for getting processed by all BeanPostProcessors (for example: not eligible for auto-proxying)
2020-04-10 17:55:19.752  INFO 14895 --- [    Test worker] trationDelegate$BeanPostProcessorChecker : Bean 'org.springframework.security.config.annotation.method.configuration.GlobalMethodSecurityConfiguration' of type [org.springframework.security.config.annotation.method.configuration.GlobalMethodSecurityConfiguration] is not eligible for getting processed by all BeanPostProcessors (for example: not eligible for auto-proxying)
2020-04-10 17:55:19.754  INFO 14895 --- [    Test worker] trationDelegate$BeanPostProcessorChecker : Bean 'methodSecurityMetadataSource' of type [org.springframework.security.access.method.DelegatingMethodSecurityMetadataSource] is not eligible for getting processed by all BeanPostProcessors (for example: not eligible for auto-proxying)
2020-04-10 17:55:19.951  INFO 14895 --- [    Test worker] org.mongodb.driver.cluster               : Cluster created with settings {hosts=[localhost:27017], mode=SINGLE, requiredClusterType=UNKNOWN, serverSelectionTimeout='30000 ms', maxWaitQueueSize=500}
2020-04-10 17:55:19.990  INFO 14895 --- [localhost:27017] org.mongodb.driver.cluster               : Exception in monitor thread while connecting to server localhost:27017

com.mongodb.MongoSocketOpenException: Exception opening socket
	at com.mongodb.internal.connection.SocketStream.open(SocketStream.java:70) ~[mongodb-driver-core-3.11.2.jar:na]
	at com.mongodb.internal.connection.InternalStreamConnection.open(InternalStreamConnection.java:128) ~[mongodb-driver-core-3.11.2.jar:na]
	at com.mongodb.internal.connection.DefaultServerMonitor$ServerMonitorRunnable.run(DefaultServerMonitor.java:117) ~[mongodb-driver-core-3.11.2.jar:na]
	at java.base/java.lang.Thread.run(Thread.java:834) ~[na:na]
Caused by: java.net.ConnectException: Connection refused (Connection refused)
	at java.base/java.net.PlainSocketImpl.socketConnect(Native Method) ~[na:na]
	at java.base/java.net.AbstractPlainSocketImpl.doConnect(AbstractPlainSocketImpl.java:399) ~[na:na]
	at java.base/java.net.AbstractPlainSocketImpl.connectToAddress(AbstractPlainSocketImpl.java:242) ~[na:na]
	at java.base/java.net.AbstractPlainSocketImpl.connect(AbstractPlainSocketImpl.java:224) ~[na:na]
	at java.base/java.net.SocksSocketImpl.connect(SocksSocketImpl.java:403) ~[na:na]
	at java.base/java.net.Socket.connect(Socket.java:609) ~[na:na]
	at com.mongodb.internal.connection.SocketStreamHelper.initialize(SocketStreamHelper.java:64) ~[mongodb-driver-core-3.11.2.jar:na]
	at com.mongodb.internal.connection.SocketStream.initializeSocket(SocketStream.java:79) ~[mongodb-driver-core-3.11.2.jar:na]
	at com.mongodb.internal.connection.SocketStream.open(SocketStream.java:65) ~[mongodb-driver-core-3.11.2.jar:na]
	... 3 common frames omitted

2020-04-10 17:55:20.578  INFO 14895 --- [    Test worker] .s.s.UserDetailsServiceAutoConfiguration : 

Using generated security password: 22b4487f-100f-4ba1-87ba-7ab1a82f8bfb

2020-04-10 17:55:20.627  INFO 14895 --- [    Test worker] o.s.s.web.DefaultSecurityFilterChain     : Creating filter chain: any request, [org.springframework.security.web.context.request.async.WebAsyncManagerIntegrationFilter@e46711f, org.springframework.security.web.context.SecurityContextPersistenceFilter@7908bd23, org.springframework.security.web.header.HeaderWriterFilter@641b6fff, org.springframework.security.web.authentication.logout.LogoutFilter@240601a4, org.springframework.security.web.authentication.www.BasicAuthenticationFilter@3775f6c5, org.springframework.security.web.savedrequest.RequestCacheAwareFilter@47c878e8, org.springframework.security.web.servletapi.SecurityContextHolderAwareRequestFilter@78938379, org.springframework.security.web.authentication.AnonymousAuthenticationFilter@62140fb4, org.springframework.security.web.session.SessionManagementFilter@2bb96220, org.springframework.security.web.access.ExceptionTranslationFilter@58dcd44e, org.springframework.security.web.access.intercept.FilterSecurityInterceptor@87d0ed9]
2020-04-10 17:55:20.649  INFO 14895 --- [    Test worker] pertySourcedRequestMappingHandlerMapping : Mapped URL path [/v2/api-docs] onto method [springfox.documentation.swagger2.web.Swagger2Controller#getDocumentation(String, HttpServletRequest)]
2020-04-10 17:55:20.798  INFO 14895 --- [    Test worker] o.s.s.concurrent.ThreadPoolTaskExecutor  : Initializing ExecutorService 'applicationTaskExecutor'
2020-04-10 17:55:20.913  INFO 14895 --- [    Test worker] d.s.w.p.DocumentationPluginsBootstrapper : Context refreshed
2020-04-10 17:55:20.913  INFO 14895 --- [    Test worker] d.s.w.p.DocumentationPluginsBootstrapper : Found 1 custom documentation plugin(s)
2020-04-10 17:55:20.916  INFO 14895 --- [    Test worker] s.d.s.w.s.ApiListingReferenceScanner     : Scanning for api listing references
2020-04-10 17:55:20.982  INFO 14895 --- [    Test worker] com.fiap.api.service.UserServiceTest     : Started UserServiceTest in 1.652 seconds (JVM running for 6.884)
2020-04-10 17:55:20.986  INFO 14895 --- [    Test worker] com.fiap.api.service.UserService         : Start removeEvent by applicationUserId: w123 with request: User(id=w123, name=name, lastName=LastName, email=teste@gmail.com, doc=222.111.222-11, imageUrl=, version=1, password=teste, birthday=2020-04-10)
2020-04-10 17:55:20.990  INFO 14895 --- [    Test worker] com.fiap.api.service.UserService         : End removeUser by applicationUserId: w123 with response: DeleteResponse(id=w123, message=Usuário removido com sucesso!)
2020-04-10 17:55:20.991  INFO 14895 --- [    Test worker] com.fiap.api.service.UserService         : End removeUser by applicationUserId: w123 with request: DeleteResponse(id=w123, message=Usuário removido com sucesso!) to feed
2020-04-10 17:55:20.992  INFO 14895 --- [    Test worker] com.fiap.api.service.UserService         : Start checkUpdateUser by applicationUserId: w123 with request: UpdateUserRequest(id=w123, name=name, lastName=, email=, doc=, imageUrl=, password=, birthday=2020-04-10)
2020-04-10 17:55:20.992  INFO 14895 --- [    Test worker] com.fiap.api.service.UserService         : Start updateUser by applicationUserId: w123 with request: UpdateUserRequest(id=w123, name=name, lastName=, email=, doc=, imageUrl=, password=, birthday=2020-04-10)
2020-04-10 17:55:20.994  INFO 14895 --- [    Test worker] com.fiap.api.service.UserService         : End updateEvent by applicationUserId: $w123 with response: User(id=newUser, name=name, lastName=LastName, email=teste@gmail.com, doc=222.111.222-11, imageUrl=, version=1, password=teste, birthday=2020-04-10)
2020-04-10 17:55:20.994  INFO 14895 --- [    Test worker] com.fiap.api.service.UserService         : End updateEvent by applicationUserId: $w123 with request: User(id=newUser, name=name, lastName=LastName, email=teste@gmail.com, doc=222.111.222-11, imageUrl=, version=1, password=teste, birthday=2020-04-10) to feed
2020-04-10 17:55:20.995  INFO 14895 --- [    Test worker] com.fiap.api.service.UserService         : Start updateUser by applicationUserId: 5e77608ae8fe1146d83ec679 with request: UpdateUserRequest(id=5e77608ae8fe1146d83ec679, name=teste, lastName=, email=, doc=, imageUrl=, password=, birthday=2020-04-10)
2020-04-10 17:55:20.996 ERROR 14895 --- [    Test worker] com.fiap.api.service.UserService         : Error updateEvent by applicationUserId: $5e77608ae8fe1146d83ec679 with error: java.util.NoSuchElementException
2020-04-10 17:55:21.001  INFO 14895 --- [    Test worker] com.fiap.api.service.UserService         : Start updateUser by applicationUserId: w123 with request: UpdateUserRequest(id=w123, name=, lastName=, email=, doc=, imageUrl=, password=, birthday=2020-04-10)
2020-04-10 17:55:21.002  INFO 14895 --- [    Test worker] com.fiap.api.service.UserService         : End updateEvent by applicationUserId: $w123 with response: User(id=w123, name=name, lastName=LastName, email=teste@gmail.com, doc=222.111.222-11, imageUrl=, version=2, password=teste, birthday=2020-04-10)
2020-04-10 17:55:21.002  INFO 14895 --- [    Test worker] com.fiap.api.service.UserService         : End updateEvent by applicationUserId: $w123 with request: User(id=w123, name=name, lastName=LastName, email=teste@gmail.com, doc=222.111.222-11, imageUrl=, version=2, password=teste, birthday=2020-04-10) to feed
2020-04-10 17:55:21.003  INFO 14895 --- [    Test worker] com.fiap.api.service.UserService         : Start saveUser by applicationUserId: w123 with request: User(id=w123, name=name, lastName=LastName, email=teste@gmail.com, doc=222.111.222-11, imageUrl=, version=1, password=teste, birthday=2020-04-10)
2020-04-10 17:55:21.004  INFO 14895 --- [    Test worker] com.fiap.api.service.UserService         : End saveUser by applicationUserId: w123 with response: User(id=w123, name=name, lastName=LastName, email=teste@gmail.com, doc=222.111.222-11, imageUrl=, version=1, password=teste, birthday=2020-04-10)
2020-04-10 17:55:21.004  INFO 14895 --- [    Test worker] com.fiap.api.service.UserService         : End saveUser by applicationUserId: w123 with request: User(id=w123, name=name, lastName=LastName, email=teste@gmail.com, doc=222.111.222-11, imageUrl=, version=1, password=teste, birthday=2020-04-10) to feed
]]></system-out>
  <system-err><![CDATA[]]></system-err>
</testsuite>
